Rodando
R : 0
C : 0 |30 80 14 66 2 35 31 62 44 23 10 46 72 63 95 0 12 40 62 63 67 86 86 66 99 39 31 52 23 2 72 20 82 52 86 50 88 83 78 98 5 55 43 77 84 3 77 96 43 5 25 9 57 10 42 22 15 73 74 39 75 45 25 23 97 10 39 50 59 17 48 64 38 57 40 21 61 84 83 70 55 7 80 11 84 21 33 100 94 73 4 34 17 29 23 81 5 63 97 64
C : 1 |46 10 27 84 68 33 4 95 16 87 64 71 95 9 49 78 30 82 43 90 21 47 91 4 76 13 85 47 76 48 10 21 24 37 71 58 71 75 52 53 62 83 24 22 92 73 66 89 20 9 44 41 56 0 46 99 14 97 45 56 10 22 44 35 59 14 93 96 90 11 15 17 94 5 39 51 78 4 5 64 80 16 72 2 16 84 0 30 80 11 53 57 33 97 92 59 10 50 20 66
C : 2 |61 35 83 20 6 88 38 84 93 43 14 38 59 86 40 42 35 6 38 81 85 91 37 17 87 95 42 64 45 29 96 72 30 79 59 37 32 97 87 91 5 0 29 31 52 69 73 53 42 10 34 26 68 71 9 20 66 18 84 77 47 46 14 77 91 73 80 22 35 67 13 41 33 42 72 52 77 10 4 18 87 38 10 54 76 20 75 7 38 24 50 51 36 64 94 26 3 74 49 38
C : 3 |6 28 79 39 36 16 57 12 26 28 98 80 66 7 33 7 94 74 14 98 65 64 48 0 95 42 27 98 15 42 35 88 70 14 93 5 97 50 84 90 78 81 69 9 55 68 17 14 8 31 12 73 62 60 73 56 68 66 53 49 7 88 36 77 68 29 48 65 79 32 20 22 79 89 31 100 22 14 14 30 12 93 2 74 52 42 96 87 7 14 35 82 68 38 24 36 67 73 67 11

R : 1
C : 0 |4 53 100 49 41 30 49 63 11 63 60 23 55 62 63 73 3 24 25 78 38 27 59 5 65 83 7 31 21 40 8 92 93 7 41 100 3 56 29 14 85 89 3 5 50 32 78 20 56 70 64 94 97 89 66 61 37 73 58 59 13 32 50 72 39 57 72 8 12 0 90 97 55 59 1 4 92 46 91 47 82 54 41 78 8 6 4 46 45 28 4 24 60 20 97 65 44 34 73 22
C : 1 |0 28 19 55 88 87 25 79 99 83 92 80 2 99 23 11 71 27 57 16 55 61 6 14 47 69 45 91 2 85 13 69 12 99 23 66 51 15 10 16 98 2 96 100 0 86 10 72 79 33 54 34 94 60 14 7 29 60 64 98 44 43 67 22 41 56 89 59 37 99 75 34 67 36 0 68 21 77 5 0 10 59 0 70 85 81 77 80 6 7 78 16 50 10 39 92 32 94 16 70
C : 2 |92 91 70 25 26 36 93 14 13 64 14 90 89 81 59 73 61 2 53 68 9 97 84 59 6 89 16 38 82 32 7 40 89 44 65 82 80 23 96 59 87 76 48 75 22 74 13 83 42 66 16 17 62 67 42 34 55 59 73 3 57 46 43 12 90 74 94 36 63 55 95 49 97 9 90 18 83 2 67 91 35 84 7 97 50 49 31 71 74 70 74 98 15 83 9 72 56 69 74 85
C : 3 |90 68 33 86 43 89 3 25 92 36 82 26 19 89 89 35 38 86 6 78 55 80 75 37 63 84 75 85 18 48 70 7 15 69 93 59 24 62 50 15 99 32 7 84 87 62 19 24 48 25 2 69 71 43 5 33 27 80 85 45 27 20 19 9 55 11 34 79 40 50 60 4 48 33 88 35 96 6 25 43 98 94 11 69 37 84 68 30 63 18 41 57 4 60 66 60 38 66 4 78

R : 2
C : 0 |15 65 48 64 64 35 65 59 8 90 1 72 84 80 40 20 63 75 50 25 93 91 48 98 51 13 23 55 45 94 32 61 24 46 91 89 47 55 47 21 10 49 94 94 95 100 80 57 74 29 48 33 87 97 97 3 76 19 58 21 12 56 48 37 1 4 92 48 59 38 70 69 53 29 29 47 28 8 3 69 4 52 1 91 48 98 94 23 16 51 10 95 6 58 98 7 62 89 21 87
C : 1 |94 57 22 46 86 51 94 14 59 63 83 63 81 84 19 28 81 12 18 63 63 28 23 35 53 88 8 14 76 30 1 35 87 23 82 73 40 41 53 65 3 35 95 85 85 13 79 31 26 63 60 55 58 83 91 10 36 99 91 12 95 92 13 48 81 95 87 87 35 39 52 5 40 46 56 24 59 0 21 85 64 47 6 21 29 97 98 32 61 88 10 56 46 23 70 93 18 56 80 19
C : 2 |95 98 24 34 43 46 24 68 47 11 19 77 58 25 64 53 21 61 85 48 48 95 70 60 18 39 53 2 95 99 21 89 96 12 89 4 58 79 72 71 90 91 47 47 82 10 0 69 71 51 17 86 46 87 45 64 26 64 66 87 62 53 76 23 65 30 27 90 9 66 60 99 22 7 12 4 84 79 73 55 29 56 6 75 43 17 4 35 82 36 21 9 90 63 100 20 94 93 9 2
C : 3 |58 36 67 47 9 45 51 93 23 90 13 53 46 19 94 55 37 65 90 85 67 77 60 56 40 59 43 100 18 18 68 76 54 34 22 63 80 39 56 69 96 69 88 41 55 48 96 58 12 51 42 79 27 68 1 33 27 44 32 45 62 100 87 83 0 76 45 46 81 67 14 76 2 69 83 23 16 44 81 28 95 89 6 89 56 74 88 49 84 20 94 12 86 47 95 86 89 5 31 69

0> 1 1> 0 2> -997329342 3> 32531 4> -1656353331 5> 21996 6> -2043864992 7> 32768 8> -1632258528 9> 21994 10> -1632258269 11> 21994 12> 1 13> 0 14> 8 15> 2 16> 1 17> 2 18> 0 19> 32530 20> 1 21> 2 22> 1 23> 4 24> 0 25> 2 26> -1632255672 27> 21993 28> -1632258736 29> 21994 30> 1 31> 32514 32> -1005722048 33> 32531 34> -952967143 35> 32531 36> 0 37> 0 38> 1 39> 3 40> -2043865134 41> 32767 42> 3137 43> 2 44> 1 45> 1 46> 1 47> 0 48> 1 49> 32530 50> 2 51> 0 52> 2 53> 0 54> -952801440 55> 32532 56> 64 57> 2 58> -2043864992 59> 32768 60> -1656353332 61> 21994 62> -1632258270 63> 21996 64> 2 65> 0 66> -1632258958 67> 21994 68> 8 69> 0 70> 1 71> 8 72> -1632258734 73> 21995 74> -1632258807 75> 21994 76> 8 77> 2 78> 1 79> 0 80> -951567294 81> 32531 82> -954676400 83> 32532 84> 3 85> 0 86> -197 87> -1 88> 9 89> 0 90> 3136 91> 0 92> 0 93> 0 94> -1235382783 95> -1955934008 96> -1632258527 97> 21995 98> -1656353331 99> 21994 100> 9 
min 0.000000 max 100.000000 mediana 4.000000 media 14186390.000000 dp -nan 

Reg 0 - Cid 0: menor: 0, maior: 100, mediana 4.00, média: 14186390.00 e DP: -nan
Reg 0 - Cid 1: menor: 0, maior: 99, mediana 48.50, média: 48.73 e DP: 30.39
Reg 0 - Cid 2: menor: 0, maior: 97, mediana 44.00, média: 49.27 e DP: 27.63
Reg 0 - Cid 3: menor: 0, maior: 100, mediana 49.50, média: 49.52 e DP: 29.89
Reg 1 - Cid 0: menor: 0, maior: 100, mediana 4.00, média: 14186437.00 e DP: -nan
Reg 1 - Cid 1: menor: 0, maior: 100, mediana 16.50, média: 97.65 e DP: 82.09
Reg 1 - Cid 2: menor: 0, maior: 98, mediana 30.50, média: 105.26 e DP: 84.67
Reg 1 - Cid 3: menor: 0, maior: 100, mediana 24.50, média: 99.24 e DP: 81.49
Reg 2 - Cid 0: menor: 0, maior: 100, mediana 4.00, média: 14186490.00 e DP: -nan
Reg 2 - Cid 1: menor: 0, maior: 100, mediana 14.00, média: 149.85 e DP: 181.05
Reg 2 - Cid 2: menor: 0, maior: 100, mediana 17.50, média: 157.23 e DP: 188.40
Reg 2 - Cid 3: menor: 0, maior: 100, mediana 18.00, média: 154.58 e DP: 185.35

Reg 0: menor: 0, maior: 100, mediana 4.00, média: 14186390.00 e DP: -nan
Reg 1: menor: 0, maior: 99, mediana 48.50, média: 48.73 e DP: 30.39
Reg 2: menor: 0, maior: 97, mediana 44.00, média: 49.27 e DP: 27.63

Brasil: menor: 0, maior: 100, mediana 2.00, média: -389444.69 e DP: -nan
Tempo em Segundos: 0.000208
